[2025-12-20 17:18:19] Request: POST /Webproj/backend/public/index.php/api/messages
[2025-12-20 17:20:28] Request: GET /Webproj/backend/public/index.php/api/cart
[2025-12-20 17:20:36] Request: GET /Webproj/backend/public/index.php/api/products
[2025-12-20 17:20:40] Request: POST /Webproj/backend/public/index.php/api/cart
[2025-12-20 17:20:42] Request: POST /Webproj/backend/public/index.php/api/cart
[2025-12-20 17:20:52] Request: GET /Webproj/backend/public/index.php/api/cart
[2025-12-20 17:20:55] Request: GET /Webproj/backend/public/index.php/api/cart
[2025-12-20 17:21:22] Request: POST /Webproj/backend/public/index.php/api/orders
[2025-12-20 17:21:22] Request: POST /Webproj/backend/public/index.php/api/notifications
[2025-12-20 17:21:22] Request: POST /Webproj/backend/public/index.php/api/notifications
[2025-12-20 17:21:31] Request: GET /Webproj/backend/public/index.php/api/notifications
[2025-12-20 17:21:32] Request: GET /Webproj/backend/public/index.php/api/notifications
[2025-12-20 17:21:34] Request: GET /Webproj/backend/public/index.php/api/notifications
[2025-12-20 17:21:35] Request: GET /Webproj/backend/public/index.php/api/notifications
[2025-12-20 17:21:40] Request: GET /Webproj/backend/public/index.php/api/dashboard
[2025-12-20 17:21:48] Request: GET /Webproj/backend/public/index.php/api/dashboard
[2025-12-20 17:21:52] Request: GET /Webproj/backend/public/index.php/api/cart
[2025-12-20 17:22:01] Request: GET /Webproj/backend/public/index.php/api/products
[2025-12-20 17:22:01] Request: GET /Webproj/backend/public/index.php/api/products
[2025-12-20 17:22:05] Request: GET /Webproj/backend/public/index.php/api/products
[2025-12-20 17:22:05] Request: POST /Webproj/backend/public/index.php/api/cart
[2025-12-20 17:22:06] Request: GET /Webproj/backend/public/index.php/api/cart
[2025-12-20 17:22:18] Request: GET /Webproj/backend/public/index.php/api/cart
[2025-12-20 17:22:20] Request: GET /Webproj/backend/public/index.php/api/cart
[2025-12-20 17:22:43] Request: POST /Webproj/backend/public/index.php/api/orders
[2025-12-20 17:22:43] Request: POST /Webproj/backend/public/index.php/api/notifications
[2025-12-20 17:22:43] Request: POST /Webproj/backend/public/index.php/api/notifications
[2025-12-20 17:22:53] Request: GET /Webproj/backend/public/index.php/api/cart
[2025-12-20 17:23:04] Request: GET /Webproj/backend/public/index.php/api/products
[2025-12-20 17:23:04] Request: POST /Webproj/backend/public/index.php/api/cart
[2025-12-20 17:23:07] Request: GET /Webproj/backend/public/index.php/api/products
[2025-12-20 17:23:07] Request: POST /Webproj/backend/public/index.php/api/cart
[2025-12-20 17:23:12] Request: GET /Webproj/backend/public/index.php/api/cart
[2025-12-20 17:23:17] Request: GET /Webproj/backend/public/index.php/api/cart
[2025-12-20 17:23:43] Request: POST /Webproj/backend/public/index.php/api/orders
[2025-12-20 17:23:44] Request: POST /Webproj/backend/public/index.php/api/notifications
[2025-12-20 17:23:44] Request: POST /Webproj/backend/public/index.php/api/notifications
[2025-12-20 17:23:48] Request: GET /Webproj/backend/public/index.php/api/notifications
[2025-12-20 17:32:42] Request: GET /Webproj/backend/public/index.php/api/notifications
